INFO: [SIM 2] *************** CSIM start ***************
INFO: [SIM 4] CSIM will launch GCC as the compiler.
   Compiling ../../../../matrix_ti_mul_test.cpp in debug mode
   Generating csim.exe
Result by HW
{
{0,0,0,0,0,0,0,0,0,0,0,0,0,0,0,0,0,0,0,0,0,0,0,0,0,0,0,0,0,0,0,0}
{0,0.00097561,0.00195122,0.00292683,0.00390244,0.00487805,0.00585366,0.00682927,0.00780488,0.00878049,0.0097561,0.0107317,0.0117073,0.0126829,0.0136585,0.0146341,0.0156098,0.0165854,0.017561,0.0185366,0.0195122,0.0204878,0.0214634,0.022439,0.0234146,0.0243902,0.0253659,0.0263415,0.0273171,0.0282927,0.0292683,0.0302439}
{0,0.00194553,0.00389105,0.00583658,0.0077821,0.00972763,0.0116732,0.0136187,0.0155642,0.0175097,0.0194553,0.0214008,0.0233463,0.0252918,0.0272374,0.0291829,0.0311284,0.0330739,0.0350195,0.036965,0.0389105,0.040856,0.0428016,0.0447471,0.0466926,0.0486381,0.0505837,0.0525292,0.0544747,0.0564202,0.0583658,0.0603113}
{0,0.00290416,0.00580833,0.00871249,0.0116167,0.0145208,0.017425,0.0203291,0.0232333,0.0261375,0.0290416,0.0319458,0.03485,0.0377541,0.0406583,0.0435624,0.0464666,0.0493708,0.0522749,0.0551791,0.0580833,0.0609874,0.0638916,0.0667957,0.0696999,0.0726041,0.0755082,0.0784124,0.0813166,0.0842207,0.0871249,0.090029}
{0,0.00384615,0.00769231,0.0115385,0.0153846,0.0192308,0.0230769,0.0269231,0.0307692,0.0346154,0.0384615,0.0423077,0.0461538,0.05,0.0538462,0.0576923,0.0615385,0.0653846,0.0692308,0.0730769,0.0769231,0.0807692,0.0846154,0.0884615,0.0923077,0.0961538,0.1,0.103846,0.107692,0.111538,0.115385,0.119231}
{0,0.00476644,0.00953289,0.0142993,0.0190658,0.0238322,0.0285987,0.0333651,0.0381316,0.042898,0.0476644,0.0524309,0.0571973,0.0619638,0.0667302,0.0714967,0.0762631,0.0810296,0.085796,0.0905624,0.0953289,0.100095,0.104862,0.109628,0.114395,0.119161,0.123928,0.128694,0.13346,0.138227,0.142993,0.14776}
{0,0.00566038,0.0113208,0.0169811,0.0226415,0.0283019,0.0339623,0.0396226,0.045283,0.0509434,0.0566038,0.0622642,0.0679245,0.0735849,0.0792453,0.0849057,0.090566,0.0962264,0.101887,0.107547,0.113208,0.118868,0.124528,0.130189,0.135849,0.141509,0.14717,0.15283,0.158491,0.164151,0.169811,0.175472}
{0,0.00652377,0.0130475,0.0195713,0.0260951,0.0326188,0.0391426,0.0456664,0.0521901,0.0587139,0.0652377,0.0717614,0.0782852,0.0848089,0.0913327,0.0978565,0.10438,0.110904,0.117428,0.123952,0.130475,0.136999,0.143523,0.150047,0.15657,0.163094,0.169618,0.176142,0.182665,0.189189,0.195713,0.202237}
{0,0.00735294,0.0147059,0.0220588,0.0294118,0.0367647,0.0441176,0.0514706,0.0588235,0.0661765,0.0735294,0.0808824,0.0882353,0.0955882,0.102941,0.110294,0.117647,0.125,0.132353,0.139706,0.147059,0.154412,0.161765,0.169118,0.176471,0.183824,0.191176,0.198529,0.205882,0.213235,0.220588,0.227941}
{0,0.0081448,0.0162896,0.0244344,0.0325792,0.040724,0.0488688,0.0570136,0.0651584,0.0733032,0.081448,0.0895928,0.0977376,0.105882,0.114027,0.122172,0.130317,0.138462,0.146606,0.154751,0.162896,0.171041,0.179186,0.18733,0.195475,0.20362,0.211765,0.21991,0.228054,0.236199,0.244344,0.252489}
{0,0.0088968,0.0177936,0.0266904,0.0355872,0.044484,0.0533808,0.0622776,0.0711744,0.0800712,0.088968,0.0978648,0.106762,0.115658,0.124555,0.133452,0.142349,0.151246,0.160142,0.169039,0.177936,0.186833,0.19573,0.204626,0.213523,0.22242,0.231317,0.240214,0.24911,0.258007,0.266904,0.275801}
{0,0.00960699,0.019214,0.028821,0.0384279,0.0480349,0.0576419,0.0672489,0.0768559,0.0864629,0.0960699,0.105677,0.115284,0.124891,0.134498,0.144105,0.153712,0.163319,0.172926,0.182533,0.19214,0.201747,0.211354,0.220961,0.230568,0.240175,0.249782,0.259389,0.268996,0.278603,0.28821,0.297817}
{0,0.010274,0.0205479,0.0308219,0.0410959,0.0513699,0.0616438,0.0719178,0.0821918,0.0924658,0.10274,0.113014,0.123288,0.133562,0.143836,0.15411,0.164384,0.174658,0.184932,0.195205,0.205479,0.215753,0.226027,0.236301,0.246575,0.256849,0.267123,0.277397,0.287671,0.297945,0.308219,0.318493}
{0,0.0108969,0.0217938,0.0326907,0.0435876,0.0544845,0.0653814,0.0762783,0.0871752,0.0980721,0.108969,0.119866,0.130763,0.14166,0.152557,0.163453,0.17435,0.185247,0.196144,0.207041,0.217938,0.228835,0.239732,0.250629,0.261526,0.272422,0.283319,0.294216,0.305113,0.31601,0.326907,0.337804}
{0,0.0114754,0.0229508,0.0344262,0.0459016,0.057377,0.0688525,0.0803279,0.0918033,0.103279,0.114754,0.12623,0.137705,0.14918,0.160656,0.172131,0.183607,0.195082,0.206557,0.218033,0.229508,0.240984,0.252459,0.263934,0.27541,0.286885,0.298361,0.309836,0.321311,0.332787,0.344262,0.355738}
{0,0.0120096,0.0240192,0.0360288,0.0480384,0.060048,0.0720576,0.0840673,0.0960769,0.108086,0.120096,0.132106,0.144115,0.156125,0.168135,0.180144,0.192154,0.204163,0.216173,0.228183,0.240192,0.252202,0.264211,0.276221,0.288231,0.30024,0.31225,0.324259,0.336269,0.348279,0.360288,0.372298}
{0,0.0125,0.025,0.0375,0.05,0.0625,0.075,0.0875,0.1,0.1125,0.125,0.1375,0.15,0.1625,0.175,0.1875,0.2,0.2125,0.225,0.2375,0.25,0.2625,0.275,0.2875,0.3,0.3125,0.325,0.3375,0.35,0.3625,0.375,0.3875}
{0,0.0129474,0.0258949,0.0388423,0.0517898,0.0647372,0.0776847,0.0906321,0.10358,0.116527,0.129474,0.142422,0.155369,0.168317,0.181264,0.194212,0.207159,0.220107,0.233054,0.246002,0.258949,0.271896,0.284844,0.297791,0.310739,0.323686,0.336634,0.349581,0.362529,0.375476,0.388423,0.401371}
{0,0.0133531,0.0267062,0.0400593,0.0534125,0.0667656,0.0801187,0.0934718,0.106825,0.120178,0.133531,0.146884,0.160237,0.17359,0.186944,0.200297,0.21365,0.227003,0.240356,0.253709,0.267062,0.280415,0.293769,0.307122,0.320475,0.333828,0.347181,0.360534,0.373887,0.38724,0.400593,0.413947}
{0,0.0137184,0.0274368,0.0411552,0.0548736,0.0685921,0.0823105,0.0960289,0.109747,0.123466,0.137184,0.150903,0.164621,0.178339,0.192058,0.205776,0.219495,0.233213,0.246931,0.26065,0.274368,0.288087,0.301805,0.315523,0.329242,0.34296,0.356679,0.370397,0.384116,0.397834,0.411552,0.425271}
{0,0.0140449,0.0280899,0.0421348,0.0561798,0.0702247,0.0842697,0.0983146,0.11236,0.126404,0.140449,0.154494,0.168539,0.182584,0.196629,0.210674,0.224719,0.238764,0.252809,0.266854,0.280899,0.294944,0.308989,0.323034,0.337079,0.351124,0.365169,0.379213,0.393258,0.407303,0.421348,0.435393}
{0,0.0143345,0.0286689,0.0430034,0.0573379,0.0716724,0.0860068,0.100341,0.114676,0.12901,0.143345,0.157679,0.172014,0.186348,0.200683,0.215017,0.229352,0.243686,0.25802,0.272355,0.286689,0.301024,0.315358,0.329693,0.344027,0.358362,0.372696,0.387031,0.401365,0.4157,0.430034,0.444369}
{0,0.0145889,0.0291777,0.0437666,0.0583554,0.0729443,0.0875332,0.102122,0.116711,0.1313,0.145889,0.160477,0.175066,0.189655,0.204244,0.218833,0.233422,0.248011,0.262599,0.277188,0.291777,0.306366,0.320955,0.335544,0.350133,0.364721,0.37931,0.393899,0.408488,0.423077,0.437666,0.452255}
{0,0.01481,0.0296201,0.0444301,0.0592402,0.0740502,0.0888603,0.10367,0.11848,0.13329,0.1481,0.162911,0.177721,0.192531,0.207341,0.222151,0.236961,0.251771,0.266581,0.281391,0.296201,0.311011,0.325821,0.340631,0.355441,0.370251,0.385061,0.399871,0.414681,0.429491,0.444301,0.459111}
{0,0.015,0.03,0.045,0.06,0.075,0.09,0.105,0.12,0.135,0.15,0.165,0.18,0.195,0.21,0.225,0.24,0.255,0.27,0.285,0.3,0.315,0.33,0.345,0.36,0.375,0.39,0.405,0.42,0.435,0.45,0.465}
{0,0.0151607,0.0303214,0.0454821,0.0606428,0.0758035,0.0909642,0.106125,0.121286,0.136446,0.151607,0.166768,0.181928,0.197089,0.21225,0.227411,0.242571,0.257732,0.272893,0.288053,0.303214,0.318375,0.333535,0.348696,0.363857,0.379018,0.394178,0.409339,0.4245,0.43966,0.454821,0.469982}
{0,0.0152941,0.0305882,0.0458824,0.0611765,0.0764706,0.0917647,0.107059,0.122353,0.137647,0.152941,0.168235,0.183529,0.198824,0.214118,0.229412,0.244706,0.26,0.275294,0.290588,0.305882,0.321176,0.336471,0.351765,0.367059,0.382353,0.397647,0.412941,0.428235,0.443529,0.458824,0.474118}
{0,0.0154022,0.0308043,0.0462065,0.0616087,0.0770108,0.092413,0.107815,0.123217,0.13862,0.154022,0.169424,0.184826,0.200228,0.21563,0.231033,0.246435,0.261837,0.277239,0.292641,0.308043,0.323446,0.338848,0.35425,0.369652,0.385054,0.400456,0.415859,0.431261,0.446663,0.462065,0.477467}
{0,0.0154867,0.0309735,0.0464602,0.0619469,0.0774336,0.0929204,0.108407,0.123894,0.139381,0.154867,0.170354,0.185841,0.201327,0.216814,0.232301,0.247788,0.263274,0.278761,0.294248,0.309735,0.325221,0.340708,0.356195,0.371681,0.387168,0.402655,0.418142,0.433628,0.449115,0.464602,0.480089}
{0,0.0155496,0.0310992,0.0466488,0.0621984,0.077748,0.0932976,0.108847,0.124397,0.139946,0.155496,0.171046,0.186595,0.202145,0.217694,0.233244,0.248794,0.264343,0.279893,0.295442,0.310992,0.326542,0.342091,0.357641,0.37319,0.38874,0.40429,0.419839,0.435389,0.450938,0.466488,0.482038}
{0,0.0155925,0.031185,0.0467775,0.0623701,0.0779626,0.0935551,0.109148,0.12474,0.140333,0.155925,0.171518,0.18711,0.202703,0.218295,0.233888,0.24948,0.265073,0.280665,0.296258,0.31185,0.327443,0.343035,0.358628,0.37422,0.389813,0.405405,0.420998,0.43659,0.452183,0.467775,0.483368}
{0,0.0156171,0.0312343,0.0468514,0.0624685,0.0780856,0.0937028,0.10932,0.124937,0.140554,0.156171,0.171788,0.187406,0.203023,0.21864,0.234257,0.249874,0.265491,0.281108,0.296725,0.312343,0.32796,0.343577,0.359194,0.374811,0.390428,0.406045,0.421662,0.43728,0.452897,0.468514,0.484131}
}
Mean error between float and fixed point: 0
Test passed. No errors
INFO: [SIM 1] CSim done with 0 errors.
INFO: [SIM 3] *************** CSIM finish ***************
