INFO: [SIM 2] *************** CSIM start ***************
INFO: [SIM 4] CSIM will launch GCC as the compiler.
   Compiling ../../../../matrix_ti_mul_test.cpp in debug mode
   Compiling ../../../../matrix_ti_mul.cpp in debug mode
   Generating csim.exe
Result by HW
{
{0,-0.00245746,-0.00491492,-0.00737238,-0.00982984,-0.0122873,-0.0147448,-0.0172022,-0.0196597,-0.0221171,-0.0245746,-0.0270321,-0.0294895,-0.031947,-0.0344044,-0.0368619,-0.0393193,-0.0417768,-0.0442343,-0.0466917,-0.0491492,-0.0516067,-0.0540641,-0.0565216,-0.058979,-0.0614365,-0.063894,-0.0663514,-0.0688089,-0.0712663,-0.0737238,-0.0761813}
{0,-0.000614365,-0.00122873,-0.00184309,-0.00245746,-0.00307182,-0.00368619,-0.00430055,-0.00491492,-0.00552928,-0.00614365,-0.00675801,-0.00737238,-0.00798674,-0.00860111,-0.00921548,-0.00982984,-0.0104442,-0.0110586,-0.0116729,-0.0122873,-0.0129017,-0.013516,-0.0141304,-0.0147448,-0.0153591,-0.0159735,-0.0165879,-0.0172022,-0.0178166,-0.018431,-0.0190453}
{0,-0.000307182,-0.000614365,-0.000921547,-0.00122873,-0.00153591,-0.00184309,-0.00215028,-0.00245746,-0.00276464,-0.00307182,-0.00337901,-0.00368619,-0.00399337,-0.00430055,-0.00460774,-0.00491492,-0.0052221,-0.00552928,-0.00583647,-0.00614365,-0.00645083,-0.00675801,-0.0070652,-0.00737238,-0.00767956,-0.00798674,-0.00829392,-0.00860111,-0.00890829,-0.00921547,-0.00952265}
{0,-0.000191989,-0.000383978,-0.000575967,-0.000767956,-0.000959945,-0.00115193,-0.00134392,-0.00153591,-0.0017279,-0.00191989,-0.00211188,-0.00230387,-0.00249586,-0.00268785,-0.00287984,-0.00307182,-0.00326381,-0.0034558,-0.00364779,-0.00383978,-0.00403177,-0.00422376,-0.00441575,-0.00460774,-0.00479973,-0.00499172,-0.0051837,-0.00537569,-0.00556768,-0.00575967,-0.00595166}
{0,-0.000134392,-0.000268785,-0.000403177,-0.000537569,-0.000671961,-0.000806354,-0.000940746,-0.00107514,-0.00120953,-0.00134392,-0.00147832,-0.00161271,-0.0017471,-0.00188149,-0.00201589,-0.00215028,-0.00228467,-0.00241906,-0.00255345,-0.00268785,-0.00282224,-0.00295663,-0.00309102,-0.00322542,-0.00335981,-0.0034942,-0.00362859,-0.00376298,-0.00389738,-0.00403177,-0.00416616}
{0,-0.000100794,-0.000201588,-0.000302383,-0.000403177,-0.000503971,-0.000604765,-0.00070556,-0.000806354,-0.000907148,-0.00100794,-0.00110874,-0.00120953,-0.00131033,-0.00141112,-0.00151191,-0.00161271,-0.0017135,-0.0018143,-0.00191509,-0.00201588,-0.00211668,-0.00221747,-0.00231827,-0.00241906,-0.00251986,-0.00262065,-0.00272144,-0.00282224,-0.00292303,-0.00302383,-0.00312462}
{0,-7.91955e-005,-0.000158391,-0.000237586,-0.000316782,-0.000395978,-0.000475173,-0.000554368,-0.000633564,-0.000712759,-0.000791955,-0.00087115,-0.000950346,-0.00102954,-0.00110874,-0.00118793,-0.00126713,-0.00134632,-0.00142552,-0.00150471,-0.00158391,-0.0016631,-0.0017423,-0.0018215,-0.00190069,-0.00197989,-0.00205908,-0.00213828,-0.00221747,-0.00229667,-0.00237586,-0.00245506}
{0,-6.43463e-005,-0.000128693,-0.000193039,-0.000257385,-0.000321732,-0.000386078,-0.000450424,-0.000514771,-0.000579117,-0.000643463,-0.000707809,-0.000772156,-0.000836502,-0.000900849,-0.000965195,-0.00102954,-0.00109389,-0.00115823,-0.00122258,-0.00128693,-0.00135127,-0.00141562,-0.00147997,-0.00154431,-0.00160866,-0.001673,-0.00173735,-0.0018017,-0.00186604,-0.00193039,-0.00199474}
{0,-5.36219e-005,-0.000107244,-0.000160866,-0.000214488,-0.00026811,-0.000321732,-0.000375354,-0.000428976,-0.000482598,-0.000536219,-0.000589841,-0.000643463,-0.000697085,-0.000750707,-0.000804329,-0.000857951,-0.000911573,-0.000965195,-0.00101882,-0.00107244,-0.00112606,-0.00117968,-0.00123331,-0.00128693,-0.00134055,-0.00139417,-0.00144779,-0.00150141,-0.00155504,-0.00160866,-0.00166228}
{0,-4.55786e-005,-9.11573e-005,-0.000136736,-0.000182315,-0.000227893,-0.000273472,-0.00031905,-0.000364629,-0.000410208,-0.000455786,-0.000501365,-0.000546943,-0.000592522,-0.000638101,-0.000683679,-0.000729258,-0.000774837,-0.000820416,-0.000865994,-0.000911573,-0.000957151,-0.00100273,-0.00104831,-0.00109389,-0.00113947,-0.00118504,-0.00123062,-0.0012762,-0.00132178,-0.00136736,-0.00141294}
{0,-3.93634e-005,-7.87268e-005,-0.00011809,-0.000157454,-0.000196817,-0.00023618,-0.000275544,-0.000314907,-0.000354271,-0.000393634,-0.000432997,-0.00047236,-0.000511724,-0.000551087,-0.000590451,-0.000629814,-0.000669177,-0.000708541,-0.000747904,-0.000787268,-0.000826631,-0.000865994,-0.000905357,-0.000944721,-0.000984084,-0.00102345,-0.00106281,-0.00110217,-0.00114154,-0.0011809,-0.00122026}
{0,-3.44429e-005,-6.88858e-005,-0.000103329,-0.000137772,-0.000172215,-0.000206658,-0.0002411,-0.000275543,-0.000309986,-0.000344429,-0.000378872,-0.000413315,-0.000447758,-0.000482201,-0.000516644,-0.000551087,-0.00058553,-0.000619973,-0.000654416,-0.000688859,-0.000723302,-0.000757745,-0.000792188,-0.000826631,-0.000861074,-0.000895516,-0.000929959,-0.000964402,-0.000998846,-0.00103329,-0.00106773}
{0,-3.04688e-005,-6.09376e-005,-9.14063e-005,-0.000121875,-0.000152344,-0.000182813,-0.000213281,-0.00024375,-0.000274219,-0.000304688,-0.000335157,-0.000365625,-0.000396094,-0.000426563,-0.000457032,-0.000487501,-0.000517969,-0.000548438,-0.000578907,-0.000609375,-0.000639844,-0.000670313,-0.000700782,-0.00073125,-0.000761719,-0.000792188,-0.000822656,-0.000853125,-0.000883594,-0.000914063,-0.000944531}
{0,-2.72042e-005,-5.44085e-005,-8.16128e-005,-0.000108817,-0.000136021,-0.000163226,-0.00019043,-0.000217634,-0.000244838,-0.000272042,-0.000299247,-0.000326451,-0.000353655,-0.00038086,-0.000408064,-0.000435268,-0.000462472,-0.000489676,-0.000516881,-0.000544084,-0.000571289,-0.000598493,-0.000625698,-0.000652902,-0.000680106,-0.000707311,-0.000734514,-0.000761719,-0.000788923,-0.000816127,-0.000843331}
{0,-2.44838e-005,-4.89676e-005,-7.34515e-005,-9.79352e-005,-0.000122419,-0.000146903,-0.000171387,-0.00019587,-0.000220354,-0.000244838,-0.000269322,-0.000293806,-0.000318289,-0.000342773,-0.000367257,-0.000391741,-0.000416225,-0.000440709,-0.000465192,-0.000489676,-0.00051416,-0.000538644,-0.000563129,-0.000587612,-0.000612095,-0.000636579,-0.000661063,-0.000685546,-0.00071003,-0.000734515,-0.000758999}
{0,-2.21885e-005,-4.43769e-005,-6.65654e-005,-8.87539e-005,-0.000110942,-0.000133131,-0.000155319,-0.000177508,-0.000199696,-0.000221885,-0.000244073,-0.000266262,-0.00028845,-0.000310639,-0.000332827,-0.000355016,-0.000377203,-0.000399393,-0.000421581,-0.00044377,-0.000465957,-0.000488147,-0.000510335,-0.000532524,-0.000554711,-0.0005769,-0.000599089,-0.000621277,-0.000643465,-0.000665654,-0.000687843}
{0,-2.02307e-005,-4.04613e-005,-6.06919e-005,-8.09226e-005,-0.000101153,-0.000121384,-0.000141615,-0.000161845,-0.000182076,-0.000202306,-0.000222537,-0.000242768,-0.000262998,-0.000283229,-0.00030346,-0.000323691,-0.000343922,-0.000364152,-0.000384382,-0.000404612,-0.000424844,-0.000445074,-0.000465304,-0.000485535,-0.000505767,-0.000525997,-0.000546227,-0.000566458,-0.000586689,-0.00060692,-0.00062715}
{0,-1.85448e-005,-3.70896e-005,-5.56344e-005,-7.41791e-005,-9.27238e-005,-0.000111269,-0.000129813,-0.000148358,-0.000166903,-0.000185448,-0.000203992,-0.000222538,-0.000241082,-0.000259627,-0.000278172,-0.000296716,-0.000315261,-0.000333806,-0.00035235,-0.000370895,-0.00038944,-0.000407985,-0.00042653,-0.000445075,-0.000463619,-0.000482164,-0.000500709,-0.000519253,-0.000537798,-0.000556344,-0.000574888}
{0,-1.70807e-005,-3.41614e-005,-5.12421e-005,-6.83227e-005,-8.54037e-005,-0.000102484,-0.000119565,-0.000136645,-0.000153726,-0.000170807,-0.000187888,-0.000204968,-0.000222049,-0.00023913,-0.000256211,-0.000273291,-0.000290372,-0.000307453,-0.000324533,-0.000341615,-0.000358695,-0.000375777,-0.000392856,-0.000409937,-0.000427018,-0.000444098,-0.000461179,-0.00047826,-0.000495341,-0.000512421,-0.000529503}
{0,-1.57996e-005,-3.15993e-005,-4.73991e-005,-6.31986e-005,-7.89984e-005,-9.47981e-005,-0.000110598,-0.000126397,-0.000142197,-0.000157997,-0.000173796,-0.000189596,-0.000205395,-0.000221195,-0.000236995,-0.000252794,-0.000268594,-0.000284394,-0.000300193,-0.000315994,-0.000331793,-0.000347593,-0.000363392,-0.000379193,-0.000394991,-0.000410791,-0.00042659,-0.000442391,-0.00045819,-0.00047399,-0.00048979}
{0,-1.46711e-005,-2.93423e-005,-4.40134e-005,-5.86845e-005,-7.33556e-005,-8.80268e-005,-0.000102698,-0.000117369,-0.00013204,-0.000146711,-0.000161382,-0.000176054,-0.000190725,-0.000205396,-0.000220067,-0.000234738,-0.000249409,-0.000264081,-0.000278751,-0.000293422,-0.000308094,-0.000322765,-0.000337436,-0.000352107,-0.000366778,-0.00038145,-0.00039612,-0.000410791,-0.000425462,-0.000440134,-0.000454805}
{0,-1.36708e-005,-2.73416e-005,-4.10124e-005,-5.46832e-005,-6.83541e-005,-8.20247e-005,-9.56956e-005,-0.000109366,-0.000123037,-0.000136708,-0.000150379,-0.000164049,-0.00017772,-0.000191391,-0.000205062,-0.000218733,-0.000232404,-0.000246074,-0.000259745,-0.000273416,-0.000287087,-0.000300758,-0.000314428,-0.000328099,-0.00034177,-0.00035544,-0.000369111,-0.000382782,-0.000396453,-0.000410123,-0.000423795}
{0,-1.27792e-005,-2.55584e-005,-3.83376e-005,-5.11169e-005,-6.38962e-005,-7.66753e-005,-8.94545e-005,-0.000102234,-0.000115013,-0.000127792,-0.000140572,-0.000153351,-0.00016613,-0.000178909,-0.000191688,-0.000204468,-0.000217247,-0.000230026,-0.000242806,-0.000255585,-0.000268364,-0.000281143,-0.000293922,-0.000306701,-0.000319481,-0.00033226,-0.000345039,-0.000357818,-0.000370597,-0.000383377,-0.000396157}
{0,-1.19805e-005,-2.39611e-005,-3.59416e-005,-4.79221e-005,-5.99028e-005,-7.18831e-005,-8.38637e-005,-9.58442e-005,-0.000107825,-0.000119806,-0.000131786,-0.000143766,-0.000155747,-0.000167727,-0.000179708,-0.000191688,-0.000203669,-0.00021565,-0.00022763,-0.000239611,-0.000251591,-0.000263572,-0.000275553,-0.000287533,-0.000299513,-0.000311494,-0.000323474,-0.000335455,-0.000347436,-0.000359415,-0.000371396}
{0,-1.12617e-005,-2.25234e-005,-3.37851e-005,-4.50468e-005,-5.63085e-005,-6.75701e-005,-7.88318e-005,-9.00937e-005,-0.000101355,-0.000112617,-0.000123879,-0.00013514,-0.000146402,-0.000157664,-0.000168926,-0.000180187,-0.000191449,-0.000202711,-0.000213973,-0.000225234,-0.000236496,-0.000247758,-0.000259019,-0.000270281,-0.000281543,-0.000292805,-0.000304067,-0.000315327,-0.000326589,-0.000337851,-0.000349114}
{0,-1.06119e-005,-2.12239e-005,-3.18358e-005,-4.24477e-005,-5.30598e-005,-6.36717e-005,-7.42838e-005,-8.48954e-005,-9.55073e-005,-0.00010612,-0.000116731,-0.000127343,-0.000137956,-0.000148568,-0.000159179,-0.000169791,-0.000180403,-0.000191015,-0.000201627,-0.000212239,-0.000222851,-0.000233463,-0.000244075,-0.000254687,-0.000265299,-0.000275911,-0.000286523,-0.000297135,-0.000307747,-0.000318359,-0.000328971}
{0,-1.00224e-005,-2.00449e-005,-3.00673e-005,-4.00897e-005,-5.01122e-005,-6.01345e-005,-7.01571e-005,-8.01795e-005,-9.0202e-005,-0.000100224,-0.000110247,-0.000120269,-0.000130292,-0.000140314,-0.000150337,-0.000160359,-0.000170382,-0.000180404,-0.000190426,-0.000200449,-0.000210471,-0.000220493,-0.000230516,-0.000240538,-0.00025056,-0.000260584,-0.000270606,-0.000280628,-0.000290651,-0.000300673,-0.000310695}
{0,-9.48555e-006,-1.89711e-005,-2.84567e-005,-3.79422e-005,-4.74278e-005,-5.69133e-005,-6.63988e-005,-7.58844e-005,-8.53699e-005,-9.48556e-005,-0.000104341,-0.000113827,-0.000123312,-0.000132798,-0.000142283,-0.000151769,-0.000161254,-0.00017074,-0.000180226,-0.000189711,-0.000199196,-0.000208683,-0.000218168,-0.000227653,-0.000237138,-0.000246625,-0.00025611,-0.000265595,-0.00027508,-0.000284567,-0.000294052}
{0,-8.99487e-006,-1.79897e-005,-2.69847e-005,-3.59795e-005,-4.49743e-005,-5.39693e-005,-6.2964e-005,-7.1959e-005,-8.09542e-005,-8.99487e-005,-9.89436e-005,-0.000107939,-0.000116934,-0.000125928,-0.000134923,-0.000143918,-0.000152913,-0.000161908,-0.000170903,-0.000179897,-0.000188892,-0.000197887,-0.000206882,-0.000215877,-0.000224872,-0.000233867,-0.000242862,-0.000251856,-0.000260851,-0.000269846,-0.000278841}
{0,-8.54516e-006,-1.70903e-005,-2.56355e-005,-3.41806e-005,-4.27258e-005,-5.12711e-005,-5.9816e-005,-6.83612e-005,-7.6906e-005,-8.54517e-005,-9.39964e-005,-0.000102542,-0.000111087,-0.000119632,-0.000128177,-0.000136722,-0.000145268,-0.000153812,-0.000162357,-0.000170903,-0.000179449,-0.000187993,-0.000196538,-0.000205084,-0.000213628,-0.000222174,-0.000230719,-0.000239264,-0.000247809,-0.000256355,-0.000264899}
{0,-8.1317e-006,-1.62634e-005,-2.43952e-005,-3.25268e-005,-4.06585e-005,-4.87904e-005,-5.69222e-005,-6.50536e-005,-7.31852e-005,-8.1317e-005,-8.94489e-005,-9.75807e-005,-0.000105713,-0.000113844,-0.000121976,-0.000130107,-0.00013824,-0.00014637,-0.000154503,-0.000162634,-0.000170766,-0.000178898,-0.00018703,-0.000195161,-0.000203293,-0.000211425,-0.000219557,-0.000227689,-0.00023582,-0.000243952,-0.000252083}
{0,0.000480531,0.000961062,0.00144159,0.00192212,0.00240265,0.00288318,0.00336372,0.00384425,0.00432478,0.00480531,0.00528584,0.00576637,0.0062469,0.00672743,0.00720796,0.00768849,0.00816902,0.00864955,0.00913008,0.00961062,0.0100911,0.0105717,0.0110522,0.0115327,0.0120133,0.0124938,0.0129743,0.0134549,0.0139354,0.0144159,0.0148965}
}
Mean error between float and fixed point: 4.2837
Test passed. No errors
INFO: [SIM 1] CSim done with 0 errors.
INFO: [SIM 3] *************** CSIM finish ***************
